[01m[K/home/asdfr-19/ros2_ws/src/relbot_simulator/src/sequence_controller.cpp:[m[K In constructor â€˜[01m[KSequenceController::SequenceController()[m[Kâ€™:
[01m[K/home/asdfr-19/ros2_ws/src/relbot_simulator/src/sequence_controller.cpp:6:81:[m[K [01;31m[Kerror: [m[Kclass â€˜[01m[KSequenceController[m[Kâ€™ does not have any field named â€˜[01m[Kimage_height_[m[Kâ€™
    6 |     elapsed_time_(0.0), phase_(0), obj_x_(0.0), obj_y_(0.0), image_width_(0.0), [01;31m[Kimage_height_[m[K(0.0) {
      |                                                                                 [01;31m[K^~~~~~~~~~~~~[m[K
[01m[K/home/asdfr-19/ros2_ws/src/relbot_simulator/src/sequence_controller.cpp:21:5:[m[K [01;31m[Kerror: [m[Kâ€˜[01m[Kimage_sub_[m[Kâ€™ was not declared in this scope
   21 |     [01;31m[Kimage_sub_[m[K = create_subscription<sensor_msgs::msg::Image>(
      |     [01;31m[K^~~~~~~~~~[m[K
[01m[K/home/asdfr-19/ros2_ws/src/relbot_simulator/src/sequence_controller.cpp:21:38:[m[K [01;31m[Kerror: [m[Kâ€˜[01m[Ksensor_msgs[m[Kâ€™ was not declared in this scope
   21 |     image_sub_ = create_subscription<[01;31m[Ksensor_msgs[m[K::msg::Image>(
      |                                      [01;31m[K^~~~~~~~~~~[m[K
[01m[K/home/asdfr-19/ros2_ws/src/relbot_simulator/src/sequence_controller.cpp:21:18:[m[K [01;31m[Kerror: [m[Kparse error in template argument list
   21 |     image_sub_ = [01;31m[Kcreate_subscription<sensor_msgs::msg::Image>[m[K(
      |                  [01;31m[K^~~~~~~~~~~~~~~~~~~~~~~~~~~~~~~~~~~~~~~~~~~~[m[K
[01m[K/home/asdfr-19/ros2_ws/src/relbot_simulator/src/sequence_controller.cpp:22:54:[m[K [01;31m[Kerror: [m[Kâ€˜[01m[Kimage_callback[m[Kâ€™ is not a member of â€˜[01m[KSequenceController[m[Kâ€™
   22 |         "/image", 10, std::bind(&SequenceController::[01;31m[Kimage_callback[m[K, this, std::placeholders::_1));
      |                                                      [01;31m[K^~~~~~~~~~~~~~[m[K
[01m[K/home/asdfr-19/ros2_ws/src/relbot_simulator/src/sequence_controller.cpp:[m[K At global scope:
[01m[K/home/asdfr-19/ros2_ws/src/relbot_simulator/src/sequence_controller.cpp:30:47:[m[K [01;31m[Kerror: [m[Kâ€˜[01m[Ksensor_msgs[m[Kâ€™ does not name a type
   30 | void SequenceController::image_callback(const [01;31m[Ksensor_msgs[m[K::msg::Image::SharedPtr msg) {
      |                                               [01;31m[K^~~~~~~~~~~[m[K
[01m[K/home/asdfr-19/ros2_ws/src/relbot_simulator/src/sequence_controller.cpp:30:63:[m[K [01;31m[Kerror: [m[Kexpected unqualified-id before â€˜[01m[K::[m[Kâ€™ token
   30 | void SequenceController::image_callback(const sensor_msgs::msg[01;31m[K::[m[KImage::SharedPtr msg) {
      |                                                               [01;31m[K^~[m[K
[01m[K/home/asdfr-19/ros2_ws/src/relbot_simulator/src/sequence_controller.cpp:30:63:[m[K [01;31m[Kerror: [m[Kexpected â€˜[01m[K)[m[Kâ€™ before â€˜[01m[K::[m[Kâ€™ token
   30 | void SequenceController::image_callback[34m[K([m[Kconst sensor_msgs::msg[01;31m[K:[m[K[32m[K:[m[KImage::SharedPtr msg) {
      |                                        [34m[K~[m[K                      [01;31m[K^[m[K[32m[K~[m[K
      |                                                               [32m[K)[m[K
[01m[K/home/asdfr-19/ros2_ws/src/relbot_simulator/src/sequence_controller.cpp:30:63:[m[K [01;31m[Kerror: [m[Kexpected initializer before â€˜[01m[K::[m[Kâ€™ token
   30 | void SequenceController::image_callback(const sensor_msgs::msg[01;31m[K::[m[KImage::SharedPtr msg) {
      |                                                               [01;31m[K^~[m[K
[01m[K/home/asdfr-19/ros2_ws/src/relbot_simulator/src/sequence_controller.cpp:[m[K In member function â€˜[01m[Kvoid SequenceController::timer_callback()[m[Kâ€™:
[01m[K/home/asdfr-19/ros2_ws/src/relbot_simulator/src/sequence_controller.cpp:42:32:[m[K [01;31m[Kerror: [m[Kâ€˜[01m[Kimage_height_[m[Kâ€™ was not declared in this scope; did you mean â€˜[01m[Kimage_width_[m[Kâ€™?
   42 |     if (image_width_ == 0.0 || [01;31m[Kimage_height_[m[K == 0.0) {
      |                                [01;31m[K^~~~~~~~~~~~~[m[K
      |                                [32m[Kimage_width_[m[K
gmake[2]: *** [CMakeFiles/sequence_controller.dir/build.make:76: CMakeFiles/sequence_controller.dir/src/sequence_controller.cpp.o] Error 1
gmake[1]: *** [CMakeFiles/Makefile2:167: CMakeFiles/sequence_controller.dir/all] Error 2
gmake: *** [Makefile:146: all] Error 2
