-- Found ament_cmake: 1.3.11 (/opt/ros/humble/share/ament_cmake/cmake)
-- Found rclcpp: 16.0.11 (/opt/ros/humble/share/rclcpp/cmake)
-- Found rosidl_generator_c: 3.1.6 (/opt/ros/humble/share/rosidl_generator_c/cmake)
-- Found rosidl_adapter: 3.1.6 (/opt/ros/humble/share/rosidl_adapter/cmake)
-- Found rosidl_generator_cpp: 3.1.6 (/opt/ros/humble/share/rosidl_generator_cpp/cmake)
-- Using all available rosidl_typesupport_c: rosidl_typesupport_fastrtps_c;rosidl_typesupport_introspection_c
-- Using all available rosidl_typesupport_cpp: rosidl_typesupport_fastrtps_cpp;rosidl_typesupport_introspection_cpp
-- Found rmw_implementation_cmake: 6.1.2 (/opt/ros/humble/share/rmw_implementation_cmake/cmake)
-- Found rmw_fastrtps_cpp: 6.2.7 (/opt/ros/humble/share/rmw_fastrtps_cpp/cmake)
-- Using RMW implementation 'rmw_fastrtps_cpp' as default
-- Found example_interfaces: 0.9.3 (/opt/ros/humble/share/example_interfaces/cmake)
-- Found geometry_msgs: 4.2.4 (/opt/ros/humble/share/geometry_msgs/cmake)
-- Found sensor_msgs: 4.2.4 (/opt/ros/humble/share/sensor_msgs/cmake)
-- Found cv_bridge: 3.2.1 (/opt/ros/humble/share/cv_bridge/cmake)
-- Found xrf2_msgs: 0.0.0 (/home/asdfr-19/ros2_ws/install/xrf2_msgs/share/xrf2_msgs/cmake)
-- Found ament_lint_auto: 0.12.11 (/opt/ros/humble/share/ament_lint_auto/cmake)
-- Added test 'copyright' to check source files copyright and LICENSE
-- Added test 'cppcheck' to perform static code analysis on C / C++ code
-- Configured cppcheck include dirs: /home/asdfr-19/ros2_ws/src/relbot_simulator/include;/home/asdfr-19/ros2_ws/src/relbot_simulator/common;$<BUILD_INTERFACE:/home/asdfr-19/ros2_ws/src/relbot_simulator/include>;$<BUILD_INTERFACE:/home/asdfr-19/ros2_ws/src/relbot_simulator/common>
-- Configured cppcheck exclude dirs and/or files: 
-- Added test 'cpplint' to check C / C++ code against the Google style
-- Configured cpplint exclude dirs and/or files: 
-- Added test 'flake8' to check Python code syntax and style conventions
-- Added test 'lint_cmake' to check CMake code style
-- Added test 'pep257' to check Python code against some of the docstring style conventions in PEP 257
-- Added test 'uncrustify' to check C / C++ code style
-- Configured uncrustify additional arguments: 
-- Added test 'xmllint' to check XML markup files
-- Configuring done
-- Generating done
-- Build files have been written to: /home/asdfr-19/ros2_ws/build/relbot_simulator
[35m[1mConsolidate compiler generated dependencies of target sequence_controller[0m
[35m[1mConsolidate compiler generated dependencies of target colour_tracker[0m
[35m[1mConsolidate compiler generated dependencies of target relbot_simulator[0m
[ 69%] Built target relbot_simulator
[ 76%] [32mBuilding CXX object CMakeFiles/sequence_controller.dir/src/sequence_controller.cpp.o[0m
[ 92%] Built target colour_tracker
[01m[K/home/asdfr-19/ros2_ws/src/relbot_simulator/src/sequence_controller.cpp:[m[K In constructor â€˜[01m[KSequenceController::SequenceController()[m[Kâ€™:
[01m[K/home/asdfr-19/ros2_ws/src/relbot_simulator/src/sequence_controller.cpp:19:5:[m[K [01;31m[Kerror: [m[Kâ€˜[01m[Kpublisher_[m[Kâ€™ was not declared in this scope; did you mean â€˜[01m[Krmw_publisher_t[m[Kâ€™?
   19 |     [01;31m[Kpublisher_[m[K = create_publisher<xrf2_msgs::msg::Ros2Xeno>("/Ros2Xeno",10);
      |     [01;31m[K^~~~~~~~~~[m[K
      |     [32m[Krmw_publisher_t[m[K
[01m[K/home/asdfr-19/ros2_ws/src/relbot_simulator/src/sequence_controller.cpp:[m[K In member function â€˜[01m[Kvoid SequenceController::timer_callback()[m[Kâ€™:
[01m[K/home/asdfr-19/ros2_ws/src/relbot_simulator/src/sequence_controller.cpp:50:13:[m[K [01;31m[Kerror: [m[Kâ€˜[01m[Kleft_msg[m[Kâ€™ was not declared in this scope
   50 |             [01;31m[Kleft_msg[m[K.data = 2.0;
      |             [01;31m[K^~~~~~~~[m[K
[01m[K/home/asdfr-19/ros2_ws/src/relbot_simulator/src/sequence_controller.cpp:51:13:[m[K [01;31m[Kerror: [m[Kâ€˜[01m[Kright_msg[m[Kâ€™ was not declared in this scope
   51 |             [01;31m[Kright_msg[m[K.data = -2.0;
      |             [01;31m[K^~~~~~~~~[m[K
[01m[K/home/asdfr-19/ros2_ws/src/relbot_simulator/src/sequence_controller.cpp:112:5:[m[K [01;31m[Kerror: [m[Kâ€˜[01m[Kpublisher_[m[Kâ€™ was not declared in this scope; did you mean â€˜[01m[Krmw_publisher_t[m[Kâ€™?
  112 |     [01;31m[Kpublisher_[m[K->publish(msg);
      |     [01;31m[K^~~~~~~~~~[m[K
      |     [32m[Krmw_publisher_t[m[K
gmake[2]: *** [CMakeFiles/sequence_controller.dir/build.make:76: CMakeFiles/sequence_controller.dir/src/sequence_controller.cpp.o] Error 1
gmake[1]: *** [CMakeFiles/Makefile2:167: CMakeFiles/sequence_controller.dir/all] Error 2
gmake: *** [Makefile:146: all] Error 2
