[0.041s] Invoking command in '/home/asdfr-19/ros2_ws/build/relbot_simulator': CMAKE_PREFIX_PATH=${CMAKE_PREFIX_PATH}:/opt/ros/humble /usr/bin/cmake --build /home/asdfr-19/ros2_ws/build/relbot_simulator -- -j3 -l3
[0.119s] -- Found ament_cmake: 1.3.11 (/opt/ros/humble/share/ament_cmake/cmake)
[0.718s] -- Found rclcpp: 16.0.11 (/opt/ros/humble/share/rclcpp/cmake)
[0.933s] -- Found rosidl_generator_c: 3.1.6 (/opt/ros/humble/share/rosidl_generator_c/cmake)
[0.946s] -- Found rosidl_adapter: 3.1.6 (/opt/ros/humble/share/rosidl_adapter/cmake)
[0.977s] -- Found rosidl_generator_cpp: 3.1.6 (/opt/ros/humble/share/rosidl_generator_cpp/cmake)
[1.023s] -- Using all available rosidl_typesupport_c: rosidl_typesupport_fastrtps_c;rosidl_typesupport_introspection_c
[1.078s] -- Using all available rosidl_typesupport_cpp: rosidl_typesupport_fastrtps_cpp;rosidl_typesupport_introspection_cpp
[1.220s] -- Found rmw_implementation_cmake: 6.1.2 (/opt/ros/humble/share/rmw_implementation_cmake/cmake)
[1.231s] -- Found rmw_fastrtps_cpp: 6.2.7 (/opt/ros/humble/share/rmw_fastrtps_cpp/cmake)
[1.510s] -- Using RMW implementation 'rmw_fastrtps_cpp' as default
[1.732s] -- Found example_interfaces: 0.9.3 (/opt/ros/humble/share/example_interfaces/cmake)
[1.908s] -- Found geometry_msgs: 4.2.4 (/opt/ros/humble/share/geometry_msgs/cmake)
[1.970s] -- Found sensor_msgs: 4.2.4 (/opt/ros/humble/share/sensor_msgs/cmake)
[2.065s] -- Found cv_bridge: 3.2.1 (/opt/ros/humble/share/cv_bridge/cmake)
[2.075s] -- Found xrf2_msgs: 0.0.0 (/home/asdfr-19/ros2_ws/install/xrf2_msgs/share/xrf2_msgs/cmake)
[2.125s] -- Found ament_lint_auto: 0.12.11 (/opt/ros/humble/share/ament_lint_auto/cmake)
[2.435s] -- Added test 'copyright' to check source files copyright and LICENSE
[2.442s] -- Added test 'cppcheck' to perform static code analysis on C / C++ code
[2.447s] -- Configured cppcheck include dirs: /home/asdfr-19/ros2_ws/src/relbot_simulator/include;/home/asdfr-19/ros2_ws/src/relbot_simulator/common;$<BUILD_INTERFACE:/home/asdfr-19/ros2_ws/src/relbot_simulator/include>;$<BUILD_INTERFACE:/home/asdfr-19/ros2_ws/src/relbot_simulator/common>
[2.455s] -- Configured cppcheck exclude dirs and/or files: 
[2.458s] -- Added test 'cpplint' to check C / C++ code against the Google style
[2.459s] -- Configured cpplint exclude dirs and/or files: 
[2.471s] -- Added test 'flake8' to check Python code syntax and style conventions
[2.480s] -- Added test 'lint_cmake' to check CMake code style
[2.487s] -- Added test 'pep257' to check Python code against some of the docstring style conventions in PEP 257
[2.499s] -- Added test 'uncrustify' to check C / C++ code style
[2.501s] -- Configured uncrustify additional arguments: 
[2.509s] -- Added test 'xmllint' to check XML markup files
[2.525s] -- Configuring done
[2.641s] -- Generating done
[2.689s] -- Build files have been written to: /home/asdfr-19/ros2_ws/build/relbot_simulator
[2.784s] [35m[1mConsolidate compiler generated dependencies of target sequence_controller[0m
[2.786s] [35m[1mConsolidate compiler generated dependencies of target colour_tracker[0m
[2.789s] [35m[1mConsolidate compiler generated dependencies of target relbot_simulator[0m
[3.830s] [ 69%] Built target relbot_simulator
[3.901s] [ 76%] [32mBuilding CXX object CMakeFiles/sequence_controller.dir/src/sequence_controller.cpp.o[0m
[3.967s] [ 92%] Built target colour_tracker
[13.240s] [01m[K/home/asdfr-19/ros2_ws/src/relbot_simulator/src/sequence_controller.cpp:[m[K In constructor â€˜[01m[KSequenceController::SequenceController()[m[Kâ€™:
[13.242s] [01m[K/home/asdfr-19/ros2_ws/src/relbot_simulator/src/sequence_controller.cpp:19:5:[m[K [01;31m[Kerror: [m[Kâ€˜[01m[Kpublisher_[m[Kâ€™ was not declared in this scope; did you mean â€˜[01m[Krmw_publisher_t[m[Kâ€™?
[13.247s]    19 |     [01;31m[Kpublisher_[m[K = create_publisher<xrf2_msgs::msg::Ros2Xeno>("/Ros2Xeno",10);
[13.250s]       |     [01;31m[K^~~~~~~~~~[m[K
[13.252s]       |     [32m[Krmw_publisher_t[m[K
[13.338s] [01m[K/home/asdfr-19/ros2_ws/src/relbot_simulator/src/sequence_controller.cpp:[m[K In member function â€˜[01m[Kvoid SequenceController::timer_callback()[m[Kâ€™:
[13.340s] [01m[K/home/asdfr-19/ros2_ws/src/relbot_simulator/src/sequence_controller.cpp:50:13:[m[K [01;31m[Kerror: [m[Kâ€˜[01m[Kleft_msg[m[Kâ€™ was not declared in this scope
[13.342s]    50 |             [01;31m[Kleft_msg[m[K.data = 2.0;
[13.343s]       |             [01;31m[K^~~~~~~~[m[K
[13.363s] [01m[K/home/asdfr-19/ros2_ws/src/relbot_simulator/src/sequence_controller.cpp:51:13:[m[K [01;31m[Kerror: [m[Kâ€˜[01m[Kright_msg[m[Kâ€™ was not declared in this scope
[13.364s]    51 |             [01;31m[Kright_msg[m[K.data = -2.0;
[13.366s]       |             [01;31m[K^~~~~~~~~[m[K
[13.406s] [01m[K/home/asdfr-19/ros2_ws/src/relbot_simulator/src/sequence_controller.cpp:112:5:[m[K [01;31m[Kerror: [m[Kâ€˜[01m[Kpublisher_[m[Kâ€™ was not declared in this scope; did you mean â€˜[01m[Krmw_publisher_t[m[Kâ€™?
[13.408s]   112 |     [01;31m[Kpublisher_[m[K->publish(msg);
[13.412s]       |     [01;31m[K^~~~~~~~~~[m[K
[13.415s]       |     [32m[Krmw_publisher_t[m[K
[21.840s] gmake[2]: *** [CMakeFiles/sequence_controller.dir/build.make:76: CMakeFiles/sequence_controller.dir/src/sequence_controller.cpp.o] Error 1
[21.844s] gmake[1]: *** [CMakeFiles/Makefile2:167: CMakeFiles/sequence_controller.dir/all] Error 2
[21.850s] gmake: *** [Makefile:146: all] Error 2
[21.853s] Invoked command in '/home/asdfr-19/ros2_ws/build/relbot_simulator' returned '2': CMAKE_PREFIX_PATH=${CMAKE_PREFIX_PATH}:/opt/ros/humble /usr/bin/cmake --build /home/asdfr-19/ros2_ws/build/relbot_simulator -- -j3 -l3
