[01m[K/home/asdfr-19/ros2_ws/src/relbot_simulator/src/sequence_controller.cpp:[m[K In member function â€˜[01m[Kvoid SequenceController::timer_callback()[m[Kâ€™:
[01m[K/home/asdfr-19/ros2_ws/src/relbot_simulator/src/sequence_controller.cpp:50:13:[m[K [01;31m[Kerror: [m[Kâ€˜[01m[Kleft_msg[m[Kâ€™ was not declared in this scope
   50 |             [01;31m[Kleft_msg[m[K.data = 2.0;
      |             [01;31m[K^~~~~~~~[m[K
[01m[K/home/asdfr-19/ros2_ws/src/relbot_simulator/src/sequence_controller.cpp:51:13:[m[K [01;31m[Kerror: [m[Kâ€˜[01m[Kright_msg[m[Kâ€™ was not declared in this scope
   51 |             [01;31m[Kright_msg[m[K.data = -2.0;
      |             [01;31m[K^~~~~~~~~[m[K
gmake[2]: *** [CMakeFiles/sequence_controller.dir/build.make:76: CMakeFiles/sequence_controller.dir/src/sequence_controller.cpp.o] Error 1
gmake[1]: *** [CMakeFiles/Makefile2:167: CMakeFiles/sequence_controller.dir/all] Error 2
gmake: *** [Makefile:146: all] Error 2
