[0.043s] Invoking command in '/home/asdfr-19/ros2_ws/build/relbot_simulator': CMAKE_PREFIX_PATH=/opt/ros/humble /usr/bin/cmake /home/asdfr-19/ros2_ws/src/relbot_simulator -DCMAKE_INSTALL_PREFIX=/home/asdfr-19/ros2_ws/install/relbot_simulator
[1.062s] -- The C compiler identification is GNU 11.4.0
[1.751s] -- The CXX compiler identification is GNU 11.4.0
[1.810s] -- Detecting C compiler ABI info
[2.124s] -- Detecting C compiler ABI info - done
[2.186s] -- Check for working C compiler: /usr/bin/cc - skipped
[2.188s] -- Detecting C compile features
[2.192s] -- Detecting C compile features - done
[2.216s] -- Detecting CXX compiler ABI info
[2.554s] -- Detecting CXX compiler ABI info - done
[2.618s] -- Check for working CXX compiler: /usr/bin/c++ - skipped
[2.620s] -- Detecting CXX compile features
[2.622s] -- Detecting CXX compile features - done
[2.650s] -- Found ament_cmake: 1.3.11 (/opt/ros/humble/share/ament_cmake/cmake)
[3.278s] -- Found Python3: /usr/bin/python3 (found version "3.10.12") found components: Interpreter 
[3.719s] -- Found rclcpp: 16.0.11 (/opt/ros/humble/share/rclcpp/cmake)
[3.902s] -- Found rosidl_generator_c: 3.1.6 (/opt/ros/humble/share/rosidl_generator_c/cmake)
[3.924s] -- Found rosidl_adapter: 3.1.6 (/opt/ros/humble/share/rosidl_adapter/cmake)
[3.961s] -- Found rosidl_generator_cpp: 3.1.6 (/opt/ros/humble/share/rosidl_generator_cpp/cmake)
[4.014s] -- Using all available rosidl_typesupport_c: rosidl_typesupport_fastrtps_c;rosidl_typesupport_introspection_c
[4.079s] -- Using all available rosidl_typesupport_cpp: rosidl_typesupport_fastrtps_cpp;rosidl_typesupport_introspection_cpp
[4.245s] -- Found rmw_implementation_cmake: 6.1.2 (/opt/ros/humble/share/rmw_implementation_cmake/cmake)
[4.255s] -- Found rmw_fastrtps_cpp: 6.2.7 (/opt/ros/humble/share/rmw_fastrtps_cpp/cmake)
[4.542s] -- Found OpenSSL: /usr/lib/aarch64-linux-gnu/libcrypto.so (found version "3.0.2")  
[4.641s] -- Found FastRTPS: /opt/ros/humble/include  
[4.743s] -- Using RMW implementation 'rmw_fastrtps_cpp' as default
[4.774s] -- Looking for pthread.h
[5.059s] -- Looking for pthread.h - found
[5.062s] -- Performing Test CMAKE_HAVE_LIBC_PTHREAD
[5.326s] -- Performing Test CMAKE_HAVE_LIBC_PTHREAD - Success
[5.334s] -- Found Threads: TRUE  
[5.632s] -- Found example_interfaces: 0.9.3 (/opt/ros/humble/share/example_interfaces/cmake)
[5.804s] -- Found geometry_msgs: 4.2.4 (/opt/ros/humble/share/geometry_msgs/cmake)
[5.859s] -- Found sensor_msgs: 4.2.4 (/opt/ros/humble/share/sensor_msgs/cmake)
[5.948s] -- Found OpenCV: /usr (found version "4.5.4") found components: core highgui imgcodecs imgproc videoio 
[5.953s] -- Found cv_bridge: 3.2.1 (/opt/ros/humble/share/cv_bridge/cmake)
[5.980s] -- Found ament_lint_auto: 0.12.11 (/opt/ros/humble/share/ament_lint_auto/cmake)
[6.301s] -- Added test 'copyright' to check source files copyright and LICENSE
[6.309s] -- Added test 'cppcheck' to perform static code analysis on C / C++ code
[6.311s] -- Configured cppcheck include dirs: /home/asdfr-19/ros2_ws/src/relbot_simulator/include;/home/asdfr-19/ros2_ws/src/relbot_simulator/common;$<BUILD_INTERFACE:/home/asdfr-19/ros2_ws/src/relbot_simulator/include>;$<BUILD_INTERFACE:/home/asdfr-19/ros2_ws/src/relbot_simulator/common>
[6.313s] -- Configured cppcheck exclude dirs and/or files: 
[6.321s] -- Added test 'cpplint' to check C / C++ code against the Google style
[6.323s] -- Configured cpplint exclude dirs and/or files: 
[6.325s] -- Added test 'flake8' to check Python code syntax and style conventions
[6.329s] -- Added test 'lint_cmake' to check CMake code style
[6.332s] -- Added test 'pep257' to check Python code against some of the docstring style conventions in PEP 257
[6.341s] -- Added test 'uncrustify' to check C / C++ code style
[6.342s] -- Configured uncrustify additional arguments: 
[6.344s] -- Added test 'xmllint' to check XML markup files
[6.353s] -- Configuring done
[6.444s] -- Generating done
[6.484s] -- Build files have been written to: /home/asdfr-19/ros2_ws/build/relbot_simulator
[6.534s] Invoked command in '/home/asdfr-19/ros2_ws/build/relbot_simulator' returned '0': CMAKE_PREFIX_PATH=/opt/ros/humble /usr/bin/cmake /home/asdfr-19/ros2_ws/src/relbot_simulator -DCMAKE_INSTALL_PREFIX=/home/asdfr-19/ros2_ws/install/relbot_simulator
[6.540s] Invoking command in '/home/asdfr-19/ros2_ws/build/relbot_simulator': CMAKE_PREFIX_PATH=/opt/ros/humble /usr/bin/cmake --build /home/asdfr-19/ros2_ws/build/relbot_simulator -- -j3 -l3
[6.677s] [  7%] [32mBuilding CXX object CMakeFiles/sequence_controller.dir/src/sequence_controller.cpp.o[0m
[6.679s] [ 15%] [32mBuilding CXX object CMakeFiles/colour_tracker.dir/src/colour_tracker.cpp.o[0m
[6.682s] [ 23%] [32mBuilding CXX object CMakeFiles/relbot_simulator.dir/src/relbot_simulator.cpp.o[0m
[8.163s] In file included from [01m[K/home/asdfr-19/ros2_ws/src/relbot_simulator/src/colour_tracker.cpp:1[m[K:
[8.166s] [01m[K/home/asdfr-19/ros2_ws/src/relbot_simulator/include/colour_tracker.hpp:7:10:[m[K [01;31m[Kfatal error: [m[Kcv_bridge/cv_bridge.hpp: No such file or directory
[8.169s]     7 | #include [01;31m[K"cv_bridge/cv_bridge.hpp"[m[K
[8.171s]       |          [01;31m[K^~~~~~~~~~~~~~~~~~~~~~~~~[m[K
[8.173s] compilation terminated.
[8.176s] gmake[2]: *** [CMakeFiles/colour_tracker.dir/build.make:76: CMakeFiles/colour_tracker.dir/src/colour_tracker.cpp.o] Error 1
[8.177s] gmake[1]: *** [CMakeFiles/Makefile2:193: CMakeFiles/colour_tracker.dir/all] Error 2
[8.179s] gmake[1]: *** Waiting for unfinished jobs....
[8.198s] [ 30%] [32mBuilding CXX object CMakeFiles/relbot_simulator.dir/src/Plant.cpp.o[0m
[8.456s] In file included from [01m[K/home/asdfr-19/ros2_ws/src/relbot_simulator/src/relbot_simulator.cpp:1[m[K:
[8.457s] [01m[K/home/asdfr-19/ros2_ws/src/relbot_simulator/include/relbot_simulator.hpp:31:10:[m[K [01;31m[Kfatal error: [m[Kcv_bridge/cv_bridge.hpp: No such file or directory
[8.459s]    31 | #include [01;31m[K<cv_bridge/cv_bridge.hpp>[m[K
[8.461s]       |          [01;31m[K^~~~~~~~~~~~~~~~~~~~~~~~~[m[K
[8.464s] compilation terminated.
[8.465s] gmake[2]: *** [CMakeFiles/relbot_simulator.dir/build.make:76: CMakeFiles/relbot_simulator.dir/src/relbot_simulator.cpp.o] Error 1
[8.468s] gmake[2]: *** Waiting for unfinished jobs....
[9.284s] gmake[1]: *** [CMakeFiles/Makefile2:141: CMakeFiles/relbot_simulator.dir/all] Error 2
[38.357s] [ 38%] [32m[1mLinking CXX executable sequence_controller[0m
[40.906s] [ 38%] Built target sequence_controller
[40.909s] gmake: *** [Makefile:146: all] Error 2
[40.914s] Invoked command in '/home/asdfr-19/ros2_ws/build/relbot_simulator' returned '2': CMAKE_PREFIX_PATH=/opt/ros/humble /usr/bin/cmake --build /home/asdfr-19/ros2_ws/build/relbot_simulator -- -j3 -l3
