[01m[K/home/asdfr-19/ros2_ws/src/xcontroller/src/xcontroller.cpp:[m[K In member function â€˜[01m[Kvirtual int xcontroller::run()[m[Kâ€™:
[01m[K/home/asdfr-19/ros2_ws/src/xcontroller/src/xcontroller.cpp:87:74:[m[K [01;31m[Kerror: [m[Ka function-definition is not allowed here before â€˜[01m[K{[m[Kâ€™ token
   87 | 16_t get_encoder_delta_14bit(uint16_t current, uint16_t previous) [01;31m[K{[m[K
      |                                                                   [01;31m[K^[m[K

[01m[K/home/asdfr-19/ros2_ws/src/xcontroller/src/xcontroller.cpp:100:22:[m[K [01;31m[Kerror: [m[Kâ€˜[01m[Kget_encoder_delta_14bit[m[Kâ€™ was not declared in this scope
  100 | int16_t delta_enc1 = [01;31m[Kget_encoder_delta_14bit[m[K(curr_enc1, prev_enc1);
      |                      [01;31m[K^~~~~~~~~~~~~~~~~~~~~~~[m[K
gmake[2]: *** [CMakeFiles/xcontroller.dir/build.make:258: CMakeFiles/xcontroller.dir/src/xcontroller.cpp.o] Error 1
gmake[1]: *** [CMakeFiles/Makefile2:137: CMakeFiles/xcontroller.dir/all] Error 2
gmake: *** [Makefile:101: all] Error 2
