[0.046s] Invoking command in '/home/asdfr-19/ros2_ws/build/xcontroller': CMAKE_PREFIX_PATH=/home/asdfr-19/ros2_ws/install/xrf2_msgs:/home/asdfr-19/ros2_ws/install/ros_xeno_bridge:/home/asdfr-19/ros2_ws/install/relbot_simulator /usr/bin/cmake --build /home/asdfr-19/ros2_ws/build/xcontroller -- -j3 -l3
[0.180s] [35m[1mConsolidate compiler generated dependencies of target xcontroller[0m
[1.180s] [  4%] [32mBuilding CXX object CMakeFiles/xcontroller.dir/src/xcontroller.cpp.o[0m
[3.454s] [01m[K/home/asdfr-19/ros2_ws/src/xcontroller/src/xcontroller.cpp:22:22:[m[K [01;31m[Kerror: [m[Kâ€˜[01m[Ksample_data[m[Kâ€™ was not declared in this scope
[3.456s]    22 | uint16_t curr_enc1 = [01;31m[Ksample_data[m[K.channel2; //left
[3.457s]       |                      [01;31m[K^~~~~~~~~~~[m[K
[3.465s] [01m[K/home/asdfr-19/ros2_ws/src/xcontroller/src/xcontroller.cpp:23:22:[m[K [01;31m[Kerror: [m[Kâ€˜[01m[Ksample_data[m[Kâ€™ was not declared in this scope
[3.467s]    23 | uint16_t curr_enc2 = [01;31m[Ksample_data[m[K.channel1; //right
[3.469s]       |                      [01;31m[K^~~~~~~~~~~[m[K
[3.723s] gmake[2]: *** [CMakeFiles/xcontroller.dir/build.make:258: CMakeFiles/xcontroller.dir/src/xcontroller.cpp.o] Error 1
[3.729s] gmake[1]: *** [CMakeFiles/Makefile2:137: CMakeFiles/xcontroller.dir/all] Error 2
[3.733s] gmake: *** [Makefile:101: all] Error 2
[3.735s] Invoked command in '/home/asdfr-19/ros2_ws/build/xcontroller' returned '2': CMAKE_PREFIX_PATH=/home/asdfr-19/ros2_ws/install/xrf2_msgs:/home/asdfr-19/ros2_ws/install/ros_xeno_bridge:/home/asdfr-19/ros2_ws/install/relbot_simulator /usr/bin/cmake --build /home/asdfr-19/ros2_ws/build/xcontroller -- -j3 -l3
