[0.048s] Invoking command in '/home/asdfr-19/ros2_ws/build/xcontroller': CMAKE_PREFIX_PATH=/home/asdfr-19/ros2_ws/install/xrf2_msgs:/home/asdfr-19/ros2_ws/install/ros_xeno_bridge:/home/asdfr-19/ros2_ws/install/relbot_simulator /usr/bin/cmake --build /home/asdfr-19/ros2_ws/build/xcontroller -- -j3 -l3
[0.192s] [35m[1mConsolidate compiler generated dependencies of target xcontroller[0m
[1.303s] [  9%] [32mBuilding CXX object CMakeFiles/xcontroller.dir/src/xcontroller.cpp.o[0m
[1.304s] [  9%] [32mBuilding CXX object CMakeFiles/xcontroller.dir/main.cpp.o[0m
[4.923s] [01m[K/home/asdfr-19/ros2_ws/src/xcontroller/src/xcontroller.cpp:[m[K In member function â€˜[01m[Kvirtual int xcontroller::run()[m[Kâ€™:
[4.927s] [01m[K/home/asdfr-19/ros2_ws/src/xcontroller/src/xcontroller.cpp:123:34:[m[K [01;31m[Kerror: [m[Kâ€˜[01m[KM_PI[m[Kâ€™ was not declared in this scope
[4.931s]   123 |     double radians_left = (2.0 * [01;31m[KM_PI[m[K * total_counts_left) / COUNTS_PER_REV;
[4.935s]       |                                  [01;31m[K^~~~[m[K
[5.413s] gmake[2]: *** [CMakeFiles/xcontroller.dir/build.make:258: CMakeFiles/xcontroller.dir/src/xcontroller.cpp.o] Error 1
[5.417s] gmake[2]: *** Waiting for unfinished jobs....
[5.599s] gmake[1]: *** [CMakeFiles/Makefile2:137: CMakeFiles/xcontroller.dir/all] Error 2
[5.603s] gmake: *** [Makefile:101: all] Error 2
[5.609s] Invoked command in '/home/asdfr-19/ros2_ws/build/xcontroller' returned '2': CMAKE_PREFIX_PATH=/home/asdfr-19/ros2_ws/install/xrf2_msgs:/home/asdfr-19/ros2_ws/install/ros_xeno_bridge:/home/asdfr-19/ros2_ws/install/relbot_simulator /usr/bin/cmake --build /home/asdfr-19/ros2_ws/build/xcontroller -- -j3 -l3
