[0.033s] Invoking command in '/home/asdfr-19/ros2_ws/build/relbot_simulator': CMAKE_PREFIX_PATH=/opt/ros/humble /usr/bin/cmake --build /home/asdfr-19/ros2_ws/build/relbot_simulator -- -j3 -l3
[0.136s] [35m[1mConsolidate compiler generated dependencies of target relbot_simulator[0m
[0.139s] [35m[1mConsolidate compiler generated dependencies of target sequence_controller[0m
[0.163s] [  7%] [32mBuilding CXX object CMakeFiles/colour_tracker.dir/src/colour_tracker.cpp.o[0m
[0.248s] [ 15%] [32mBuilding CXX object CMakeFiles/relbot_simulator.dir/src/relbot_simulator.cpp.o[0m
[0.515s] [ 30%] Built target sequence_controller
[0.540s] [ 38%] [32mBuilding CXX object CMakeFiles/relbot_simulator.dir/common/EulerAngles.cpp.o[0m
[0.610s] [ 46%] [32mBuilding CXX object CMakeFiles/relbot_simulator.dir/common/MotionProfiles.cpp.o[0m
[0.677s] [ 53%] [32mBuilding CXX object CMakeFiles/relbot_simulator.dir/common/xxfuncs.cpp.o[0m
[0.882s] In file included from [01m[K/home/asdfr-19/ros2_ws/src/relbot_simulator/src/colour_tracker.cpp:1[m[K:
[0.883s] [01m[K/home/asdfr-19/ros2_ws/src/relbot_simulator/include/colour_tracker.hpp:7:10:[m[K [01;31m[Kfatal error: [m[Kcv_bridge/cv_bridge.hpp: No such file or directory
[0.884s]     7 | #include [01;31m[K"cv_bridge/cv_bridge.hpp"[m[K
[0.886s]       |          [01;31m[K^~~~~~~~~~~~~~~~~~~~~~~~~[m[K
[0.887s] compilation terminated.
[0.896s] gmake[2]: *** [CMakeFiles/colour_tracker.dir/build.make:76: CMakeFiles/colour_tracker.dir/src/colour_tracker.cpp.o] Error 1
[0.898s] gmake[1]: *** [CMakeFiles/Makefile2:193: CMakeFiles/colour_tracker.dir/all] Error 2
[0.899s] gmake[1]: *** Waiting for unfinished jobs....
[0.923s] [ 61%] [32mBuilding CXX object CMakeFiles/relbot_simulator.dir/common/xxinteg.cpp.o[0m
[1.116s] In file included from [01m[K/home/asdfr-19/ros2_ws/src/relbot_simulator/src/relbot_simulator.cpp:1[m[K:
[1.118s] [01m[K/home/asdfr-19/ros2_ws/src/relbot_simulator/include/relbot_simulator.hpp:31:10:[m[K [01;31m[Kfatal error: [m[Kcv_bridge/cv_bridge.hpp: No such file or directory
[1.120s]    31 | #include [01;31m[K<cv_bridge/cv_bridge.hpp>[m[K
[1.121s]       |          [01;31m[K^~~~~~~~~~~~~~~~~~~~~~~~~[m[K
[1.123s] compilation terminated.
[1.125s] gmake[2]: *** [CMakeFiles/relbot_simulator.dir/build.make:76: CMakeFiles/relbot_simulator.dir/src/relbot_simulator.cpp.o] Error 1
[1.126s] gmake[2]: *** Waiting for unfinished jobs....
[1.635s] gmake[1]: *** [CMakeFiles/Makefile2:141: CMakeFiles/relbot_simulator.dir/all] Error 2
[1.637s] gmake: *** [Makefile:146: all] Error 2
[1.641s] Invoked command in '/home/asdfr-19/ros2_ws/build/relbot_simulator' returned '2': CMAKE_PREFIX_PATH=/opt/ros/humble /usr/bin/cmake --build /home/asdfr-19/ros2_ws/build/relbot_simulator -- -j3 -l3
