In file included from [01m[K/home/asdfr-19/ros2_ws/src/relbot_simulator/src/sequence_controller.cpp:1[m[K:
[01m[K/home/asdfr-19/ros2_ws/src/relbot_simulator/include/sequence_controller.hpp:22:23:[m[K [01;31m[Kerror: [m[Kâ€˜[01m[Kxrf2_msgs[m[Kâ€™ was not declared in this scope
   22 |     rclcpp::Publisher<[01;31m[Kxrf2_msgs[m[K::msg::Ros2Xeno>::SharedPtr publisher_;
      |                       [01;31m[K^~~~~~~~~[m[K
[01m[K/home/asdfr-19/ros2_ws/src/relbot_simulator/include/sequence_controller.hpp:22:47:[m[K [01;31m[Kerror: [m[Ktemplate argument 1 is invalid
   22 |     rclcpp::Publisher<xrf2_msgs::msg::Ros2Xeno[01;31m[K>[m[K::SharedPtr publisher_;
      |                                               [01;31m[K^[m[K
[01m[K/home/asdfr-19/ros2_ws/src/relbot_simulator/include/sequence_controller.hpp:22:50:[m[K [01;31m[Kerror: [m[Kexpected â€˜[01m[K;[m[Kâ€™ at end of member declaration
   22 |     rclcpp::Publisher<xrf2_msgs::msg::Ros2Xeno>::[01;31m[KSharedPtr[m[K publisher_;
      |                                                  [01;31m[K^~~~~~~~~[m[K
      |                                                           [32m[K;[m[K
[01m[K/home/asdfr-19/ros2_ws/src/relbot_simulator/include/sequence_controller.hpp:22:60:[m[K [01;31m[Kerror: [m[Kâ€˜[01m[Kpublisher_[m[Kâ€™ does not name a type; did you mean â€˜[01m[Krmw_publisher_t[m[Kâ€™?
   22 |  rclcpp::Publisher<xrf2_msgs::msg::Ros2Xeno>::SharedPtr [01;31m[Kpublisher_[m[K;
      |                                                         [01;31m[K^~~~~~~~~~[m[K
      |                                                         [32m[Krmw_publisher_t[m[K
[01m[K/home/asdfr-19/ros2_ws/src/relbot_simulator/src/sequence_controller.cpp:[m[K In constructor â€˜[01m[KSequenceController::SequenceController()[m[Kâ€™:
[01m[K/home/asdfr-19/ros2_ws/src/relbot_simulator/src/sequence_controller.cpp:19:5:[m[K [01;31m[Kerror: [m[Kâ€˜[01m[Kpublisher_[m[Kâ€™ was not declared in this scope; did you mean â€˜[01m[Krmw_publisher_t[m[Kâ€™?
   19 |     [01;31m[Kpublisher_[m[K = create_publisher<xrf2_msgs::msg::Ros2Xeno>("/Ros2Xeno",10);
      |     [01;31m[K^~~~~~~~~~[m[K
      |     [32m[Krmw_publisher_t[m[K
[01m[K/home/asdfr-19/ros2_ws/src/relbot_simulator/src/sequence_controller.cpp:[m[K In member function â€˜[01m[Kvoid SequenceController::timer_callback()[m[Kâ€™:
[01m[K/home/asdfr-19/ros2_ws/src/relbot_simulator/src/sequence_controller.cpp:50:13:[m[K [01;31m[Kerror: [m[Kâ€˜[01m[Kleft_msg[m[Kâ€™ was not declared in this scope
   50 |             [01;31m[Kleft_msg[m[K.data = 2.0;
      |             [01;31m[K^~~~~~~~[m[K
[01m[K/home/asdfr-19/ros2_ws/src/relbot_simulator/src/sequence_controller.cpp:51:13:[m[K [01;31m[Kerror: [m[Kâ€˜[01m[Kright_msg[m[Kâ€™ was not declared in this scope
   51 |             [01;31m[Kright_msg[m[K.data = -2.0;
      |             [01;31m[K^~~~~~~~~[m[K
[01m[K/home/asdfr-19/ros2_ws/src/relbot_simulator/src/sequence_controller.cpp:112:5:[m[K [01;31m[Kerror: [m[Kâ€˜[01m[Kpublisher_[m[Kâ€™ was not declared in this scope; did you mean â€˜[01m[Krmw_publisher_t[m[Kâ€™?
  112 |     [01;31m[Kpublisher_[m[K->publish(msg);
      |     [01;31m[K^~~~~~~~~~[m[K
      |     [32m[Krmw_publisher_t[m[K
gmake[2]: *** [CMakeFiles/sequence_controller.dir/build.make:76: CMakeFiles/sequence_controller.dir/src/sequence_controller.cpp.o] Error 1
gmake[1]: *** [CMakeFiles/Makefile2:167: CMakeFiles/sequence_controller.dir/all] Error 2
gmake: *** [Makefile:146: all] Error 2
