[0.043s] Invoking command in '/home/asdfr-19/ros2_ws/build/xcontroller': CMAKE_PREFIX_PATH=/home/asdfr-19/ros2_ws/install/xrf2_msgs:/home/asdfr-19/ros2_ws/install/ros_xeno_bridge:/home/asdfr-19/ros2_ws/install/relbot_simulator /usr/bin/cmake --build /home/asdfr-19/ros2_ws/build/xcontroller -- -j3 -l3
[0.174s] [35m[1mConsolidate compiler generated dependencies of target xcontroller[0m
[1.180s] [  4%] [32mBuilding CXX object CMakeFiles/xcontroller.dir/src/xcontroller.cpp.o[0m
[3.426s] [01m[K/home/asdfr-19/ros2_ws/src/xcontroller/src/xcontroller.cpp:[m[K In member function â€˜[01m[Kvirtual int xcontroller::run()[m[Kâ€™:
[3.427s] [01m[K/home/asdfr-19/ros2_ws/src/xcontroller/src/xcontroller.cpp:91:74:[m[K [01;31m[Kerror: [m[Ka function-definition is not allowed here before â€˜[01m[K{[m[Kâ€™ token
[3.429s]    91 | 16_t get_encoder_delta_14bit(uint16_t current, uint16_t previous) [01;31m[K{[m[K
[3.430s]       |                                                                   [01;31m[K^[m[K
[3.432s] 
[3.449s] [01m[K/home/asdfr-19/ros2_ws/src/xcontroller/src/xcontroller.cpp:104:22:[m[K [01;31m[Kerror: [m[Kâ€˜[01m[Kget_encoder_delta_14bit[m[Kâ€™ was not declared in this scope
[3.451s]   104 | int16_t delta_enc1 = [01;31m[Kget_encoder_delta_14bit[m[K(curr_enc1, prev_enc1);
[3.453s]       |                      [01;31m[K^~~~~~~~~~~~~~~~~~~~~~~[m[K
[3.703s] gmake[2]: *** [CMakeFiles/xcontroller.dir/build.make:258: CMakeFiles/xcontroller.dir/src/xcontroller.cpp.o] Error 1
[3.707s] gmake[1]: *** [CMakeFiles/Makefile2:137: CMakeFiles/xcontroller.dir/all] Error 2
[3.711s] gmake: *** [Makefile:101: all] Error 2
[3.715s] Invoked command in '/home/asdfr-19/ros2_ws/build/xcontroller' returned '2': CMAKE_PREFIX_PATH=/home/asdfr-19/ros2_ws/install/xrf2_msgs:/home/asdfr-19/ros2_ws/install/ros_xeno_bridge:/home/asdfr-19/ros2_ws/install/relbot_simulator /usr/bin/cmake --build /home/asdfr-19/ros2_ws/build/xcontroller -- -j3 -l3
