[0.042s] Invoking command in '/home/asdfr-19/ros2_ws/build/xcontroller': AMENT_PREFIX_PATH=/home/asdfr-19/ros2_ws/install/xrf2_msgs:${AMENT_PREFIX_PATH} CMAKE_PREFIX_PATH=/home/asdfr-19/ros2_ws/install/xrf2_msgs LD_LIBRARY_PATH=/home/asdfr-19/ros2_ws/install/xrf2_msgs/lib:${LD_LIBRARY_PATH} PYTHONPATH=/home/asdfr-19/ros2_ws/install/xrf2_msgs/local/lib/python3.10/dist-packages:${PYTHONPATH} /usr/bin/cmake --build /home/asdfr-19/ros2_ws/build/xcontroller -- -j3 -l3
[0.167s] [35m[1mConsolidate compiler generated dependencies of target xcontroller[0m
[1.090s] [  4%] [32mBuilding CXX object CMakeFiles/xcontroller.dir/src/xcontroller.cpp.o[0m
[3.271s] [01m[K/home/asdfr-19/ros2_ws/src/xcontroller/src/xcontroller.cpp:[m[K In member function â€˜[01m[Kvirtual int xcontroller::run()[m[Kâ€™:
[3.272s] [01m[K/home/asdfr-19/ros2_ws/src/xcontroller/src/xcontroller.cpp:80:25:[m[K [01;31m[Kerror: [m[Kcannot convert â€˜[01m[Kxrf2_msgs::msg::Ros2Xeno_<std::allocator<void> >::_rightmotvel_type[m[Kâ€™ {aka â€˜[01m[Kdouble[m[Kâ€™} to â€˜[01m[Kconst char*[m[Kâ€™
[3.273s]    80 |     evl_printf( [01;31m[Kros_msg.rightmotvel[m[K);
[3.274s]       |                 [01;31m[K~~~~~~~~^~~~~~~~~~~[m[K
[3.275s]       |                         [01;31m[K|[m[K
[3.276s]       |                         [01;31m[Kxrf2_msgs::msg::Ros2Xeno_<std::allocator<void> >::_rightmotvel_type {aka double}[m[K
[3.277s] In file included from [01m[K/usr/evl/include/evl/evl.h:21[m[K,
[3.279s]                  from [01m[K/home/asdfr-19/ros2_ws/src/xcontroller/../XRF2/XenoRosFramework/Xenomai/include/XenoFrtLoop.hpp:6[m[K,
[3.280s]                  from [01m[K/home/asdfr-19/ros2_ws/src/xcontroller/../XRF2/XenoRosFramework/Xenomai/include/XenoFrtRosIco.hpp:10[m[K,
[3.281s]                  from [01m[K/home/asdfr-19/ros2_ws/src/xcontroller/../XRF2/XenoRosFramework/Xenomai/include/XenoFrt20Sim.hpp:4[m[K,
[3.282s]                  from [01m[K/home/asdfr-19/ros2_ws/src/xcontroller/include/xcontroller.hpp:4[m[K,
[3.283s]                  from [01m[K/home/asdfr-19/ros2_ws/src/xcontroller/src/xcontroller.cpp:1[m[K:
[3.284s] [01m[K/usr/evl/include/evl/proxy.h:38:32:[m[K [01;36m[Knote: [m[K  initializing argument 1 of â€˜[01m[Kssize_t evl_printf(const char*, ...)[m[Kâ€™
[3.285s]    38 | ssize_t evl_printf([01;36m[Kconst char *fmt[m[K, ...);
[3.286s]       |                    [01;36m[K~~~~~~~~~~~~^~~[m[K
[3.512s] gmake[2]: *** [CMakeFiles/xcontroller.dir/build.make:258: CMakeFiles/xcontroller.dir/src/xcontroller.cpp.o] Error 1
[3.515s] gmake[1]: *** [CMakeFiles/Makefile2:137: CMakeFiles/xcontroller.dir/all] Error 2
[3.520s] gmake: *** [Makefile:101: all] Error 2
[3.523s] Invoked command in '/home/asdfr-19/ros2_ws/build/xcontroller' returned '2': AMENT_PREFIX_PATH=/home/asdfr-19/ros2_ws/install/xrf2_msgs:${AMENT_PREFIX_PATH} CMAKE_PREFIX_PATH=/home/asdfr-19/ros2_ws/install/xrf2_msgs LD_LIBRARY_PATH=/home/asdfr-19/ros2_ws/install/xrf2_msgs/lib:${LD_LIBRARY_PATH} PYTHONPATH=/home/asdfr-19/ros2_ws/install/xrf2_msgs/local/lib/python3.10/dist-packages:${PYTHONPATH} /usr/bin/cmake --build /home/asdfr-19/ros2_ws/build/xcontroller -- -j3 -l3
