[0.034s] Invoking command in '/home/asdfr-19/ros2_ws/build/relbot_simulator': CMAKE_PREFIX_PATH=/opt/ros/humble /usr/bin/cmake --build /home/asdfr-19/ros2_ws/build/relbot_simulator -- -j3 -l3
[0.142s] [35m[1mConsolidate compiler generated dependencies of target relbot_simulator[0m
[0.168s] [  7%] [32mBuilding CXX object CMakeFiles/colour_tracker.dir/src/colour_tracker.cpp.o[0m
[0.189s] [ 23%] Built target sequence_controller
[0.298s] [ 30%] [32mBuilding CXX object CMakeFiles/relbot_simulator.dir/src/relbot_simulator.cpp.o[0m
[0.491s] In file included from [01m[K/home/asdfr-19/ros2_ws/src/relbot_simulator/src/relbot_simulator.cpp:1[m[K:
[0.492s] [01m[K/home/asdfr-19/ros2_ws/src/relbot_simulator/include/relbot_simulator.hpp:10:10:[m[K [01;31m[Kfatal error: [m[Krclcpp/rclcpp.h: No such file or directory
[0.493s]    10 | #include [01;31m[K"rclcpp/rclcpp.h"[m[K
[0.494s]       |          [01;31m[K^~~~~~~~~~~~~~~~~[m[K
[0.495s] compilation terminated.
[0.497s] gmake[2]: *** [CMakeFiles/relbot_simulator.dir/build.make:76: CMakeFiles/relbot_simulator.dir/src/relbot_simulator.cpp.o] Error 1
[0.498s] gmake[1]: *** [CMakeFiles/Makefile2:141: CMakeFiles/relbot_simulator.dir/all] Error 2
[0.499s] gmake[1]: *** Waiting for unfinished jobs....
[0.801s] In file included from [01m[K/home/asdfr-19/ros2_ws/src/relbot_simulator/src/colour_tracker.cpp:1[m[K:
[0.804s] [01m[K/home/asdfr-19/ros2_ws/src/relbot_simulator/include/colour_tracker.hpp:7:10:[m[K [01;31m[Kfatal error: [m[Kcv_bridge/cv_bridge.hpp: No such file or directory
[0.805s]     7 | #include [01;31m[K"cv_bridge/cv_bridge.hpp"[m[K
[0.807s]       |          [01;31m[K^~~~~~~~~~~~~~~~~~~~~~~~~[m[K
[0.809s] compilation terminated.
[0.812s] gmake[2]: *** [CMakeFiles/colour_tracker.dir/build.make:76: CMakeFiles/colour_tracker.dir/src/colour_tracker.cpp.o] Error 1
[0.815s] gmake[1]: *** [CMakeFiles/Makefile2:193: CMakeFiles/colour_tracker.dir/all] Error 2
[0.818s] gmake: *** [Makefile:146: all] Error 2
[0.822s] Invoked command in '/home/asdfr-19/ros2_ws/build/relbot_simulator' returned '2': CMAKE_PREFIX_PATH=/opt/ros/humble /usr/bin/cmake --build /home/asdfr-19/ros2_ws/build/relbot_simulator -- -j3 -l3
