[35m[1mConsolidate compiler generated dependencies of target xcontroller[0m
[  4%] [32mBuilding CXX object CMakeFiles/xcontroller.dir/src/xcontroller.cpp.o[0m
[01m[K/home/asdfr-19/ros2_ws/src/xcontroller/src/xcontroller.cpp:[m[K In member function â€˜[01m[Kvirtual int xcontroller::run()[m[Kâ€™:
[01m[K/home/asdfr-19/ros2_ws/src/xcontroller/src/xcontroller.cpp:96:48:[m[K [01;31m[Kerror: [m[Kexpected â€˜[01m[K;[m[Kâ€™ before â€˜[01m[K)[m[Kâ€™ token
   96 |    u[0] = sample_data.channel2*((2*3.14)/16384)[01;31m[K)[m[K;
      |                                                [01;31m[K^[m[K
      |                                                [32m[K;[m[K
[01m[K/home/asdfr-19/ros2_ws/src/xcontroller/src/xcontroller.cpp:97:48:[m[K [01;31m[Kerror: [m[Kexpected â€˜[01m[K;[m[Kâ€™ before â€˜[01m[K)[m[Kâ€™ token
   97 |    u[1] = sample_data.channel1*((2*3.14)/16384)[01;31m[K)[m[K;
      |                                                [01;31m[K^[m[K
      |                                                [32m[K;[m[K
gmake[2]: *** [CMakeFiles/xcontroller.dir/build.make:258: CMakeFiles/xcontroller.dir/src/xcontroller.cpp.o] Error 1
gmake[1]: *** [CMakeFiles/Makefile2:137: CMakeFiles/xcontroller.dir/all] Error 2
gmake: *** [Makefile:101: all] Error 2
