[0.041s] Invoking command in '/home/asdfr-19/ros2_ws/build/xcontroller': AMENT_PREFIX_PATH=/home/asdfr-19/ros2_ws/install/xrf2_msgs:${AMENT_PREFIX_PATH} CMAKE_PREFIX_PATH=/home/asdfr-19/ros2_ws/install/xrf2_msgs LD_LIBRARY_PATH=/home/asdfr-19/ros2_ws/install/xrf2_msgs/lib:${LD_LIBRARY_PATH} PYTHONPATH=/home/asdfr-19/ros2_ws/install/xrf2_msgs/local/lib/python3.10/dist-packages:${PYTHONPATH} /usr/bin/cmake --build /home/asdfr-19/ros2_ws/build/xcontroller -- -j3 -l3
[0.163s] [35m[1mConsolidate compiler generated dependencies of target xcontroller[0m
[1.086s] [  4%] [32mBuilding CXX object CMakeFiles/xcontroller.dir/src/xcontroller.cpp.o[0m
[3.242s] [01m[K/home/asdfr-19/ros2_ws/src/xcontroller/src/xcontroller.cpp:[m[K In member function â€˜[01m[Kvirtual int xcontroller::run()[m[Kâ€™:
[3.243s] [01m[K/home/asdfr-19/ros2_ws/src/xcontroller/src/xcontroller.cpp:83:22:[m[K [01;31m[Kerror: [m[Kcannot convert â€˜[01m[Kdouble[m[Kâ€™ to â€˜[01m[KXXDouble*[m[Kâ€™ {aka â€˜[01m[Kdouble*[m[Kâ€™}
[3.244s]    83 | controller.Calculate([01;31m[K0.25[m[K, &y);
[3.245s]       |                      [01;31m[K^~~~[m[K
[3.246s]       |                      [01;31m[K|[m[K
[3.248s]       |                      [01;31m[Kdouble[m[K
[3.249s] In file included from [01m[K/home/asdfr-19/ros2_ws/src/xcontroller/include/xcontroller.hpp:5[m[K,
[3.250s]                  from [01m[K/home/asdfr-19/ros2_ws/src/xcontroller/src/xcontroller.cpp:1[m[K:
[3.251s] [01m[K/home/asdfr-19/ros2_ws/src/xcontroller/controller/LoopController.h:59:43:[m[K [01;36m[Knote: [m[K  initializing argument 1 of â€˜[01m[Kvoid LoopController::Calculate(XXDouble*, XXDouble*)[m[Kâ€™
[3.252s]    59 |                 void Calculate ([01;36m[KXXDouble *u[m[K, XXDouble *y /*, XXDouble t*/ );
[3.253s]       |                                 [01;36m[K~~~~~~~~~~^[m[K
[3.484s] gmake[2]: *** [CMakeFiles/xcontroller.dir/build.make:258: CMakeFiles/xcontroller.dir/src/xcontroller.cpp.o] Error 1
[3.487s] gmake[1]: *** [CMakeFiles/Makefile2:137: CMakeFiles/xcontroller.dir/all] Error 2
[3.489s] gmake: *** [Makefile:101: all] Error 2
[3.494s] Invoked command in '/home/asdfr-19/ros2_ws/build/xcontroller' returned '2': AMENT_PREFIX_PATH=/home/asdfr-19/ros2_ws/install/xrf2_msgs:${AMENT_PREFIX_PATH} CMAKE_PREFIX_PATH=/home/asdfr-19/ros2_ws/install/xrf2_msgs LD_LIBRARY_PATH=/home/asdfr-19/ros2_ws/install/xrf2_msgs/lib:${LD_LIBRARY_PATH} PYTHONPATH=/home/asdfr-19/ros2_ws/install/xrf2_msgs/local/lib/python3.10/dist-packages:${PYTHONPATH} /usr/bin/cmake --build /home/asdfr-19/ros2_ws/build/xcontroller -- -j3 -l3
