[35m[1mConsolidate compiler generated dependencies of target xcontroller[0m
[  4%] [32mBuilding CXX object CMakeFiles/xcontroller.dir/src/xcontroller.cpp.o[0m
[01m[K/home/asdfr-19/ros2_ws/src/xcontroller/src/xcontroller.cpp:[m[K In member function â€˜[01m[Kvirtual int xcontroller::run()[m[Kâ€™:
[01m[K/home/asdfr-19/ros2_ws/src/xcontroller/src/xcontroller.cpp:79:45:[m[K [01;31m[Kerror: [m[Kâ€˜[01m[Kros_data[m[Kâ€™ was not declared in this scope; did you mean â€˜[01m[Krandom_data[m[Kâ€™?
   79 |     monitor.printf("Published value: %d\n", [01;31m[Kros_data[m[K.leftmotvel);
      |                                             [01;31m[K^~~~~~~~[m[K
      |                                             [32m[Krandom_data[m[K
gmake[2]: *** [CMakeFiles/xcontroller.dir/build.make:258: CMakeFiles/xcontroller.dir/src/xcontroller.cpp.o] Error 1
gmake[1]: *** [CMakeFiles/Makefile2:137: CMakeFiles/xcontroller.dir/all] Error 2
gmake: *** [Makefile:101: all] Error 2
