[01m[K/home/asdfr-19/ros2_ws/src/xcontroller/src/xcontroller.cpp:[m[K In member function â€˜[01m[Kvirtual int xcontroller::run()[m[Kâ€™:
[01m[K/home/asdfr-19/ros2_ws/src/xcontroller/src/xcontroller.cpp:97:33:[m[K [01;31m[Kerror: [m[Kâ€˜[01m[Kinitial_u0[m[Kâ€™ was not declared in this scope
   97 |    u[0] = (sample_data.channel1-[01;31m[Kinitial_u0[m[K)*((2*3.14)/(16384*4)); //right
      |                                 [01;31m[K^~~~~~~~~~[m[K
[01m[K/home/asdfr-19/ros2_ws/src/xcontroller/src/xcontroller.cpp:98:33:[m[K [01;31m[Kerror: [m[Kâ€˜[01m[Kinitial_u1[m[Kâ€™ was not declared in this scope
   98 |    u[1] = (sample_data.channel2-[01;31m[Kinitial_u1[m[K)*((2*3.14)/(16384*4)); //left
      |                                 [01;31m[K^~~~~~~~~~[m[K
gmake[2]: *** [CMakeFiles/xcontroller.dir/build.make:258: CMakeFiles/xcontroller.dir/src/xcontroller.cpp.o] Error 1
gmake[1]: *** [CMakeFiles/Makefile2:137: CMakeFiles/xcontroller.dir/all] Error 2
gmake: *** [Makefile:101: all] Error 2
